<?xml version="1.0" encoding="UTF-8"?>
<testng-results ignored="0" total="1" passed="1" failed="0" skipped="0">
  <reporter-output>
  </reporter-output>
  <suite started-at="2022-04-16T16:37:26 IST" name="Default suite" finished-at="2022-04-16T16:39:02 IST" duration-ms="95732">
    <groups>
    </groups>
    <test started-at="2022-04-16T16:37:26 IST" name="Default test" finished-at="2022-04-16T16:39:02 IST" duration-ms="95732">
      <class name="testCase_mainScenarios.loginUsernameTest">
        <test-method is-config="true" signature="invokeBrowser()[pri:0, instance:testCase_mainScenarios.loginUsernameTest@8c3b9d]" started-at="2022-04-16T16:37:27 IST" name="invokeBrowser" finished-at="2022-04-16T16:37:33 IST" duration-ms="6606" status="PASS">
          <reporter-output>
          </reporter-output>
        </test-method> <!-- invokeBrowser -->
        <test-method signature="loginUserTest()[pri:0, instance:testCase_mainScenarios.loginUsernameTest@8c3b9d]" started-at="2022-04-16T16:37:33 IST" name="loginUserTest" finished-at="2022-04-16T16:39:00 IST" duration-ms="87105" status="PASS">
          <reporter-output>
          </reporter-output>
        </test-method> <!-- loginUserTest -->
        <test-method is-config="true" signature="flushReports()[pri:0, instance:testCase_mainScenarios.loginUsernameTest@8c3b9d]" started-at="2022-04-16T16:39:00 IST" name="flushReports" finished-at="2022-04-16T16:39:02 IST" duration-ms="1857" status="PASS">
          <reporter-output>
          </reporter-output>
        </test-method> <!-- flushReports -->
      </class> <!-- testCase_mainScenarios.loginUsernameTest -->
    </test> <!-- Default test -->
  </suite> <!-- Default suite -->
</testng-results>
